<testsuites id="" name="" tests="6" failures="0" skipped="4" errors="2" time="2.1284849999999995">
<testsuite name="e2e/job-journey.spec.ts" timestamp="2026-06-02T18:59:37.377Z" hostname="E2E Tests" tests="3" failures="0" skipped="2" time="0" errors="1">
<testcase name="Job Journey E2E › should create a job via UI and verify via API" classname="e2e/job-journey.spec.ts" time="0">
<system-out>
<![CDATA[
[[ATTACHMENT|../test-results/e2e-job-journey-Job-Journe-1e84c-b-via-UI-and-verify-via-API-E2E-Tests/error-context.md]]

[[ATTACHMENT|../test-results/e2e-job-journey-Job-Journe-1e84c-b-via-UI-and-verify-via-API-E2E-Tests/error-context.md]]

[[ATTACHMENT|../test-results/e2e-job-journey-Job-Journe-1e84c-b-via-UI-and-verify-via-API-E2E-Tests-retry1/error-context.md]]

[[ATTACHMENT|../test-results/e2e-job-journey-Job-Journe-1e84c-b-via-UI-and-verify-via-API-E2E-Tests-retry1/error-context.md]]

[[ATTACHMENT|../test-results/e2e-job-journey-Job-Journe-1e84c-b-via-UI-and-verify-via-API-E2E-Tests-retry1/trace.zip]]
]]>
</system-out>
<error message="apiRequestContext.post: connect ECONNREFUSED ::1:8000" type="Error">
<![CDATA[  [E2E Tests] › e2e/job-journey.spec.ts:44:7 › Job Journey E2E › should create a job via UI and verify via API 

    Error: apiRequestContext.post: connect ECONNREFUSED ::1:8000
    Call log:
      - → POST http://localhost:8000/auth/register
        - user-agent: Mozilla/5.0 (Windows NT 10.0; Win64; x64) AppleWebKit/537.36 (KHTML, like Gecko) Chrome/148.0.7778.96 Safari/537.36
        - accept: application/json
        - accept-encoding: gzip,deflate,br
        - content-type: application/json
        - content-length: 95

        at apiRequestContext.post: connect ECONNREFUSED ::1:8000
        at /Users/mm/Job-Tracker-Project/job-tracker-tests/tests/e2e/job-journey.spec.ts:21:19

    Error Context: ../test-results/e2e-job-journey-Job-Journe-1e84c-b-via-UI-and-verify-via-API-E2E-Tests/error-context.md

    Error Context: ../test-results/e2e-job-journey-Job-Journe-1e84c-b-via-UI-and-verify-via-API-E2E-Tests/error-context.md

    Retry #1 ───────────────────────────────────────────────────────────────────────────────────────

    Error: apiRequestContext.post: connect ECONNREFUSED ::1:8000
    Call log:
      - → POST http://localhost:8000/auth/register
        - user-agent: Mozilla/5.0 (Windows NT 10.0; Win64; x64) AppleWebKit/537.36 (KHTML, like Gecko) Chrome/148.0.7778.96 Safari/537.36
        - accept: application/json
        - accept-encoding: gzip,deflate,br
        - content-type: application/json
        - content-length: 95

        at apiRequestContext.post: connect ECONNREFUSED ::1:8000
        at /Users/mm/Job-Tracker-Project/job-tracker-tests/tests/e2e/job-journey.spec.ts:21:19

    Error Context: ../test-results/e2e-job-journey-Job-Journe-1e84c-b-via-UI-and-verify-via-API-E2E-Tests-retry1/error-context.md

    Error Context: ../test-results/e2e-job-journey-Job-Journe-1e84c-b-via-UI-and-verify-via-API-E2E-Tests-retry1/error-context.md

    attachment #3: trace (application/zip) ─────────────────────────────────────────────────────────
    ../test-results/e2e-job-journey-Job-Journe-1e84c-b-via-UI-and-verify-via-API-E2E-Tests-retry1/trace.zip
    Usage:

        npx playwright show-trace ../test-results/e2e-job-journey-Job-Journe-1e84c-b-via-UI-and-verify-via-API-E2E-Tests-retry1/trace.zip

    ────────────────────────────────────────────────────────────────────────────────────────────────
]]>
</error>
</testcase>
<testcase name="Job Journey E2E › should update job status via UI and verify via API" classname="e2e/job-journey.spec.ts">
<skipped>
</skipped>
</testcase>
<testcase name="Job Journey E2E › should delete job via UI and verify via API" classname="e2e/job-journey.spec.ts">
<skipped>
</skipped>
</testcase>
</testsuite>
<testsuite name="e2e/user-journey.spec.ts" timestamp="2026-06-02T18:59:37.377Z" hostname="E2E Tests" tests="3" failures="0" skipped="2" time="0" errors="1">
<testcase name="User Journey E2E › should register a new user and login successfully" classname="e2e/user-journey.spec.ts" time="0">
<system-out>
<![CDATA[
[[ATTACHMENT|../test-results/e2e-user-journey-User-Jour-3f802-user-and-login-successfully-E2E-Tests/error-context.md]]

[[ATTACHMENT|../test-results/e2e-user-journey-User-Jour-3f802-user-and-login-successfully-E2E-Tests/error-context.md]]

[[ATTACHMENT|../test-results/e2e-user-journey-User-Jour-3f802-user-and-login-successfully-E2E-Tests-retry1/error-context.md]]

[[ATTACHMENT|../test-results/e2e-user-journey-User-Jour-3f802-user-and-login-successfully-E2E-Tests-retry1/error-context.md]]

[[ATTACHMENT|../test-results/e2e-user-journey-User-Jour-3f802-user-and-login-successfully-E2E-Tests-retry1/trace.zip]]
]]>
</system-out>
<error message="apiRequestContext.post: connect ECONNREFUSED ::1:8000" type="Error">
<![CDATA[  [E2E Tests] › e2e/user-journey.spec.ts:35:7 › User Journey E2E › should register a new user and login successfully 

    Error: apiRequestContext.post: connect ECONNREFUSED ::1:8000
    Call log:
      - → POST http://localhost:8000/auth/register
        - user-agent: Mozilla/5.0 (Windows NT 10.0; Win64; x64) AppleWebKit/537.36 (KHTML, like Gecko) Chrome/148.0.7778.96 Safari/537.36
        - accept: application/json
        - accept-encoding: gzip,deflate,br
        - content-type: application/json
        - content-length: 100

        at apiRequestContext.post: connect ECONNREFUSED ::1:8000
        at /Users/mm/Job-Tracker-Project/job-tracker-tests/tests/e2e/user-journey.spec.ts:22:19

    Error Context: ../test-results/e2e-user-journey-User-Jour-3f802-user-and-login-successfully-E2E-Tests/error-context.md

    Error Context: ../test-results/e2e-user-journey-User-Jour-3f802-user-and-login-successfully-E2E-Tests/error-context.md

    Retry #1 ───────────────────────────────────────────────────────────────────────────────────────

    Error: apiRequestContext.post: connect ECONNREFUSED ::1:8000
    Call log:
      - → POST http://localhost:8000/auth/register
        - user-agent: Mozilla/5.0 (Windows NT 10.0; Win64; x64) AppleWebKit/537.36 (KHTML, like Gecko) Chrome/148.0.7778.96 Safari/537.36
        - accept: application/json
        - accept-encoding: gzip,deflate,br
        - content-type: application/json
        - content-length: 100

        at apiRequestContext.post: connect ECONNREFUSED ::1:8000
        at /Users/mm/Job-Tracker-Project/job-tracker-tests/tests/e2e/user-journey.spec.ts:22:19

    Error Context: ../test-results/e2e-user-journey-User-Jour-3f802-user-and-login-successfully-E2E-Tests-retry1/error-context.md

    Error Context: ../test-results/e2e-user-journey-User-Jour-3f802-user-and-login-successfully-E2E-Tests-retry1/error-context.md

    attachment #3: trace (application/zip) ─────────────────────────────────────────────────────────
    ../test-results/e2e-user-journey-User-Jour-3f802-user-and-login-successfully-E2E-Tests-retry1/trace.zip
    Usage:

        npx playwright show-trace ../test-results/e2e-user-journey-User-Jour-3f802-user-and-login-successfully-E2E-Tests-retry1/trace.zip

    ────────────────────────────────────────────────────────────────────────────────────────────────
]]>
</error>
</testcase>
<testcase name="User Journey E2E › should update user profile and verify via API" classname="e2e/user-journey.spec.ts">
<skipped>
</skipped>
</testcase>
<testcase name="User Journey E2E › should logout successfully and return to login page" classname="e2e/user-journey.spec.ts">
<skipped>
</skipped>
</testcase>
</testsuite>
</testsuites>